#
# A fatal error has been detected by the Java Runtime Environment:
#
#  EXCEPTION_ACCESS_VIOLATION (0xc0000005) at pc=0x00007ff8f7d16281, pid=15916, tid=15036
#
# JRE version: Java(TM) SE Runtime Environment (11.0.5+10) (build 11.0.5+10-LTS)
# Java VM: Java HotSpot(TM) 64-Bit Server VM (11.0.5+10-LTS, mixed mode, tiered, compressed oops, g1 gc, windows-amd64)
# Problematic frame:
# V  [jvm.dll+0x316281]
#
# No core dump will be written. Minidumps are not enabled by default on client versions of Windows
#
# If you would like to submit a bug report, please visit:
#   http://bugreport.java.com/bugreport/crash.jsp
#

---------------  S U M M A R Y ------------

Command Line: --add-opens=java.base/java.util=ALL-UNNAMED --add-opens=java.base/java.lang=ALL-UNNAMED --add-opens=java.base/java.lang.invoke=ALL-UNNAMED --add-opens=java.prefs/java.util.prefs=ALL-UNNAMED -XX:MaxMetaspaceSize=256m -XX:+HeapDumpOnOutOfMemoryError -Xms256m -Xmx512m -Dfile.encoding=windows-1252 -Duser.country=US -Duser.language=en -Duser.variant org.gradle.launcher.daemon.bootstrap.GradleDaemon 6.0.1

Host: Intel(R) Core(TM) i5-4460  CPU @ 3.20GHz, 4 cores, 15G,  Windows 10 , 64 bit Build 18362 (10.0.18362.329)
Time: Sun Dec  8 16:29:34 2019 Central European Standard Time elapsed time: 8849 seconds (0d 2h 27m 29s)

---------------  T H R E A D  ---------------

Current thread (0x000001fe5ab6b000):  GCTaskThread "GC Thread#0" [stack: 0x0000004263300000,0x0000004263400000] [id=15036]

Stack: [0x0000004263300000,0x0000004263400000],  sp=0x00000042633fef30,  free space=1019k
Native frames: (J=compiled Java code, j=interpreted, Vv=VM code, C=native code)
V  [jvm.dll+0x316281]
V  [jvm.dll+0x317099]
V  [jvm.dll+0x3149cd]
V  [jvm.dll+0x324b9e]
V  [jvm.dll+0x2c7610]
V  [jvm.dll+0x2c7531]
V  [jvm.dll+0x2f35c5]
V  [jvm.dll+0x3256c6]
V  [jvm.dll+0x2f5cc6]
V  [jvm.dll+0x7a6610]
V  [jvm.dll+0x6351c2]
C  [ucrtbase.dll+0x20e72]
C  [KERNEL32.DLL+0x17bd4]
C  [ntdll.dll+0x6ced1]


siginfo: EXCEPTION_ACCESS_VIOLATION (0xc0000005), reading address 0x00000004ab81bd30


Register to memory mapping:

RIP=0x00007ff8f7d16281 jvm.dll
RAX=0x0000000075703060 is an unknown value
RBX=0x00000000000001fe is an unknown value
RCX=0x0000000100001888 is pointing into metadata
RDX=0x00000000e7ba6e38 is an oop: 
[error occurred during error reporting (printing register info), id 0xc0000005, EXCEPTION_ACCESS_VIOLATION (0xc0000005) at pc=0x00007ff8f8022e9d]

Registers:
RAX=0x0000000075703060, RBX=0x00000000000001fe, RCX=0x0000000100001888, RDX=0x00000000e7ba6e38
RSP=0x00000042633fef30, RBP=0x00000004ab81bd38, RSI=0x00000000e7ba6e38, RDI=0x0000000100001888
R8 =0x000001fe7e469f50, R9 =0x00007ff8f7a00000, R10=0x0000000100002a48, R11=0x0000000000000001
R12=0x00000000e7ba6e38, R13=0x0000000100003a38, R14=0x000001fe7e469f50, R15=0x000000000000000d
RIP=0x00007ff8f7d16281, EFLAGS=0x0000000000010287

Top of Stack: (sp=0x00000042633fef30)
0x00000042633fef30:   00000000ec71123a 00000000e7ba6e15
0x00000042633fef40:   00000000e7ba4601 00007ff8f7d17312
0x00000042633fef50:   000000000000000d 00000000ecd773c0
0x00000042633fef60:   0000000000000000 0000000000000001
0x00000042633fef70:   00000000e7ba6d01 00007ff8f7d17099
0x00000042633fef80:   0000000100001888 000001fe7e469de0
0x00000042633fef90:   00000000e7ba6e38 00000000000002c1
0x00000042633fefa0:   000001fe00000200 00007ff8f7d643d0
0x00000042633fefb0:   00000032e7ba4630 00007ff8f7cef138
0x00000042633fefc0:   000001fe7e469de0 0000000000000040
0x00000042633fefd0:   000001fe58b63078 00000042633ff238
0x00000042633fefe0:   0000000000000000 000001fe58b63070
0x00000042633feff0:   0000000000000100 00007ff8f7d149cd
0x00000042633ff000:   000001fe7e469de0 000001fe58b63078
0x00000042633ff010:   000000000000000d 00000000e7ba6dd4
0x00000042633ff020:   00000000e7ba6dd5 00007ff8f803000f 

Instructions: (pc=0x00007ff8f7d16281)
0x00007ff8f7d16261:   00 00 48 8d 2c c5 00 00 00 00 49 03 ed 4c 3b ed
0x00007ff8f7d16271:   0f 83 1f 01 00 00 48 89 74 24 60 4c 89 7c 24 20
0x00007ff8f7d16281:   4c 63 7d f8 48 83 ed 08 4d 03 fc 8b 45 04 49 8d
0x00007ff8f7d16291:   3c 87 4c 3b ff 0f 83 e2 00 00 00 0f 1f 40 00 8b 


Stack slot to memory mapping:
stack at sp + 0 slots: 0x00000000ec71123a is pointing into object: [Ljava.util.HashMap$Node; 
{0x00000000ec711238} - klass: 'java/util/HashMap$Node'[]
 - length: 512
stack at sp + 1 slots: 0x00000000e7ba6e15 is pointing into object: java.lang.String 
{0x00000000e7ba6e08} - klass: 'java/lang/String'
stack at sp + 2 slots: 0x00000000e7ba4601 is pointing into object: java.util.HashMap 
{0x00000000e7ba4600} - klass: 'java/util/HashMap'
stack at sp + 3 slots: 0x00007ff8f7d17312 jvm.dll
stack at sp + 4 slots: 0x000000000000000d is an unknown value
stack at sp + 5 slots: 0x00000000ecd773c0 is an oop: 
[error occurred during error reporting (inspecting top of stack), id 0xc0000005, EXCEPTION_ACCESS_VIOLATION (0xc0000005) at pc=0x00007ff8f8022e9d]


---------------  P R O C E S S  ---------------

Threads class SMR info:
_java_thread_list=0x000001fe0039ca60, length=43, elements={
0x000001fe5ab59000, 0x000001fe756f0000, 0x000001fe756e6000, 0x000001fe75f67000,
0x000001fe75f69800, 0x000001fe75f6d800, 0x000001fe75f71000, 0x000001fe75f73800,
0x000001fe760db800, 0x000001fe760ef000, 0x000001fe777b4800, 0x000001fe77158800,
0x000001fe77f70000, 0x000001fe78114800, 0x000001fe78115000, 0x000001fe78119800,
0x000001fe7bba4800, 0x000001fe7bbae000, 0x000001fe7bbaf000, 0x000001fe7da7c000,
0x000001fe7da7e000, 0x000001fe7da7e800, 0x000001fe7bba7000, 0x000001fe7bba1000,
0x000001fe7bba7800, 0x000001fe7bba2000, 0x000001fe7bba3000, 0x000001fe7bba5000,
0x000001fe7bba3800, 0x000001fe7bba6000, 0x000001fe7bba0800, 0x000001fe7bbaa000,
0x000001fe7bbab000, 0x000001fe7bba8800, 0x000001fe7bba9800, 0x000001fe7bbab800,
0x000001fe7bbac800, 0x000001fe7bbad800, 0x000001fe7da7d000, 0x000001fe7da7a000,
0x000001fe7da7f800, 0x000001fe7da81000, 0x000001fe7da7b800
}

Java Threads: ( => current thread )
  0x000001fe5ab59000 JavaThread "main" [_thread_blocked, id=12496, stack(0x0000004263200000,0x0000004263300000)]
  0x000001fe756f0000 JavaThread "Reference Handler" daemon [_thread_blocked, id=4208, stack(0x0000004263900000,0x0000004263a00000)]
  0x000001fe756e6000 JavaThread "Finalizer" daemon [_thread_blocked, id=4204, stack(0x0000004263a00000,0x0000004263b00000)]
  0x000001fe75f67000 JavaThread "Signal Dispatcher" daemon [_thread_blocked, id=7260, stack(0x0000004263b00000,0x0000004263c00000)]
  0x000001fe75f69800 JavaThread "Attach Listener" daemon [_thread_blocked, id=9048, stack(0x0000004263c00000,0x0000004263d00000)]
  0x000001fe75f6d800 JavaThread "C2 CompilerThread0" daemon [_thread_blocked, id=8552, stack(0x0000004263d00000,0x0000004263e00000)]
  0x000001fe75f71000 JavaThread "C1 CompilerThread0" daemon [_thread_blocked, id=4460, stack(0x0000004263e00000,0x0000004263f00000)]
  0x000001fe75f73800 JavaThread "Sweeper thread" daemon [_thread_blocked, id=15424, stack(0x0000004263f00000,0x0000004264000000)]
  0x000001fe760db800 JavaThread "Common-Cleaner" daemon [_thread_blocked, id=15428, stack(0x0000004264000000,0x0000004264100000)]
  0x000001fe760ef000 JavaThread "Service Thread" daemon [_thread_blocked, id=6036, stack(0x0000004264100000,0x0000004264200000)]
  0x000001fe777b4800 JavaThread "Daemon health stats" [_thread_blocked, id=8208, stack(0x0000004264700000,0x0000004264800000)]
  0x000001fe77158800 JavaThread "Incoming local TCP Connector on port 51436" [_thread_in_native, id=6684, stack(0x0000004264600000,0x0000004264700000)]
  0x000001fe77f70000 JavaThread "Daemon periodic checks" [_thread_blocked, id=8264, stack(0x0000004264800000,0x0000004264900000)]
  0x000001fe78114800 JavaThread "Cache worker for file hash cache (C:\Users\irezek\.gradle\caches\6.0.1\fileHashes)" [_thread_blocked, id=16152, stack(0x0000004265000000,0x0000004265100000)]
  0x000001fe78115000 JavaThread "File lock request listener" [_thread_in_native, id=10740, stack(0x0000004265100000,0x0000004265200000)]
  0x000001fe78119800 JavaThread "Cache worker for journal cache (C:\Users\irezek\.gradle\caches\journal-1)" [_thread_blocked, id=4944, stack(0x0000004265200000,0x0000004265300000)]
  0x000001fe7bba4800 JavaThread "Cache worker for execution history cache (C:\Users\irezek\.gradle\caches\6.0.1\executionHistory)" [_thread_blocked, id=8148, stack(0x0000004265700000,0x0000004265800000)]
  0x000001fe7bbae000 JavaThread "Memory manager" [_thread_blocked, id=16880, stack(0x0000004265b00000,0x0000004265c00000)]
  0x000001fe7bbaf000 JavaThread "Cache worker for file content cache (C:\Users\irezek\.gradle\caches\6.0.1\fileContent)" [_thread_blocked, id=6992, stack(0x0000004265c00000,0x0000004265d00000)]
  0x000001fe7da7c000 JavaThread "Cache worker for Java compile cache (C:\Users\irezek\.gradle\caches\6.0.1\javaCompile)" [_thread_blocked, id=13852, stack(0x0000004266300000,0x0000004266400000)]
  0x000001fe7da7e000 JavaThread "Daemon Thread 11" [_thread_blocked, id=7072, stack(0x0000004262f00000,0x0000004263000000)]
  0x000001fe7da7e800 JavaThread "Daemon worker Thread 11" [_thread_blocked, id=18632, stack(0x0000004264900000,0x0000004264a00000)]
  0x000001fe7bba7000 JavaThread "Exec process Thread 23" [_thread_in_native, id=8324, stack(0x0000004266000000,0x0000004266100000)]
  0x000001fe7bba1000 JavaThread "Exec process Thread 24" [_thread_in_native, id=12908, stack(0x0000004266100000,0x0000004266200000)]
  0x000001fe7bba7800 JavaThread "Exec process Thread 25" [_thread_in_native, id=16792, stack(0x0000004266200000,0x0000004266300000)]
  0x000001fe7bba2000 JavaThread "Handler for socket connection from /127.0.0.1:51436 to /127.0.0.1:55403" [_thread_in_native, id=8756, stack(0x0000004263000000,0x0000004263100000)]
  0x000001fe7bba3000 JavaThread "Cancel handler" [_thread_blocked, id=6548, stack(0x0000004263100000,0x0000004263200000)]
  0x000001fe7bba5000 JavaThread "Asynchronous log dispatcher for DefaultDaemonConnection: socket connection from /127.0.0.1:51436 to /127.0.0.1:55403" [_thread_blocked, id=7716, stack(0x0000004264a00000,0x0000004264b00000)]
  0x000001fe7bba3800 JavaThread "Stdin handler" [_thread_blocked, id=7304, stack(0x0000004264b00000,0x0000004264c00000)]
  0x000001fe7bba6000 JavaThread "Thread-670" [_thread_blocked, id=7656, stack(0x0000004264c00000,0x0000004264d00000)]
  0x000001fe7bba0800 JavaThread "Cache worker for file hash cache (H:\DevelopAlgebra\FlightSchool\.gradle\6.0.1\fileHashes)" [_thread_blocked, id=2560, stack(0x0000004264d00000,0x0000004264e00000)]
  0x000001fe7bbaa000 JavaThread "Cache worker for cache directory md-supplier (C:\Users\irezek\.gradle\caches\6.0.1\md-supplier)" [_thread_blocked, id=3588, stack(0x0000004264e00000,0x0000004264f00000)]
  0x000001fe7bbab000 JavaThread "Cache worker for cache directory md-rule (C:\Users\irezek\.gradle\caches\6.0.1\md-rule)" [_thread_blocked, id=2672, stack(0x0000004264f00000,0x0000004265000000)]
  0x000001fe7bba8800 JavaThread "Build operations" [_thread_blocked, id=19216, stack(0x0000004265300000,0x0000004265400000)]
  0x000001fe7bba9800 JavaThread "Build operations Thread 2" [_thread_blocked, id=18576, stack(0x0000004265400000,0x0000004265500000)]
  0x000001fe7bbab800 JavaThread "Build operations Thread 3" [_thread_blocked, id=5248, stack(0x0000004265500000,0x0000004265600000)]
  0x000001fe7bbac800 JavaThread "Build operations Thread 4" [_thread_blocked, id=18000, stack(0x0000004265600000,0x0000004265700000)]
  0x000001fe7bbad800 JavaThread "Cache worker for Build Output Cleanup Cache (H:\DevelopAlgebra\FlightSchool\.gradle\buildOutputCleanup)" [_thread_blocked, id=16952, stack(0x0000004265800000,0x0000004265900000)]
  0x000001fe7da7d000 JavaThread "Cache worker for file content cache (H:\DevelopAlgebra\FlightSchool\.gradle\6.0.1\fileContent)" [_thread_blocked, id=4380, stack(0x0000004265900000,0x0000004265a00000)]
  0x000001fe7da7a000 JavaThread "Execution worker for ':'" [_thread_blocked, id=15584, stack(0x0000004265a00000,0x0000004265b00000)]
  0x000001fe7da7f800 JavaThread "Execution worker for ':' Thread 2" [_thread_blocked, id=6752, stack(0x0000004265d00000,0x0000004265e00000)]
  0x000001fe7da81000 JavaThread "Execution worker for ':' Thread 3" [_thread_blocked, id=13536, stack(0x0000004265e00000,0x0000004265f00000)]
  0x000001fe7da7b800 JavaThread "Cache worker for execution history cache (H:\DevelopAlgebra\FlightSchool\.gradle\6.0.1\executionHistory)" [_thread_blocked, id=18260, stack(0x0000004265f00000,0x0000004266000000)]

Other Threads:
  0x000001fe75f21800 VMThread "VM Thread" [stack: 0x0000004263800000,0x0000004263900000] [id=768]
  0x000001fe76123000 WatcherThread [stack: 0x0000004264200000,0x0000004264300000] [id=2840]
=>0x000001fe5ab6b000 GCTaskThread "GC Thread#0" [stack: 0x0000004263300000,0x0000004263400000] [id=15036]
  0x000001fe768d1800 GCTaskThread "GC Thread#1" [stack: 0x0000004264300000,0x0000004264400000] [id=11696]
  0x000001fe768f3800 GCTaskThread "GC Thread#2" [stack: 0x0000004264400000,0x0000004264500000] [id=4772]
  0x000001fe768f4800 GCTaskThread "GC Thread#3" [stack: 0x0000004264500000,0x0000004264600000] [id=15080]
  0x000001fe5ab7e800 ConcurrentGCThread "G1 Main Marker" [stack: 0x0000004263400000,0x0000004263500000] [id=4032]
  0x000001fe5ab80800 ConcurrentGCThread "G1 Conc#0" [stack: 0x0000004263500000,0x0000004263600000] [id=7024]
  0x000001fe5ac2e800 ConcurrentGCThread "G1 Refine#0" [stack: 0x0000004263600000,0x0000004263700000] [id=4624]
  0x000001fe75576800 ConcurrentGCThread "G1 Young RemSet Sampling" [stack: 0x0000004263700000,0x0000004263800000] [id=5772]

Threads with active compile tasks:

VM state:at safepoint (normal execution)

VM Mutex/Monitor currently owned by a thread:  ([mutex/lock_event])
[0x000001fe5ab564a0] Threads_lock - owner thread: 0x000001fe75f21800
[0x000001fe5ab565c0] Heap_lock - owner thread: 0x000001fe7bbae000

Heap address: 0x00000000e0000000, size: 512 MB, Compressed Oops mode: 32-bit
Narrow klass base: 0x0000000000000000, Narrow klass shift: 3
Compressed class space size: 260046848 Address: 0x0000000100000000

Heap:
 garbage-first heap   total 262144K, used 206435K [0x00000000e0000000, 0x0000000100000000)
  region size 1024K, 132 young (135168K), 7 survivors (7168K)
 Metaspace       used 86664K, capacity 88812K, committed 96340K, reserved 339968K
  class space    used 10148K, capacity 10890K, committed 12032K, reserved 253952K
Heap Regions: E=young(eden), S=young(survivor), O=old, HS=humongous(starts), HC=humongous(continues), CS=collection set, F=free, A=archive, TAMS=top-at-mark-start (previous, next)
|   0|0x00000000e0000000, 0x00000000e0100000, 0x00000000e0100000|100%| O|  |TAMS 0x00000000e0100000, 0x00000000e0100000| Untracked 
|   1|0x00000000e0100000, 0x00000000e0200000, 0x00000000e0200000|100%| O|  |TAMS 0x00000000e0200000, 0x00000000e0200000| Untracked 
|   2|0x00000000e0200000, 0x00000000e0300000, 0x00000000e0300000|100%| O|  |TAMS 0x00000000e0300000, 0x00000000e0300000| Untracked 
|   3|0x00000000e0300000, 0x00000000e0400000, 0x00000000e0400000|100%|HS|  |TAMS 0x00000000e0400000, 0x00000000e0400000| Complete 
|   4|0x00000000e0400000, 0x00000000e0500000, 0x00000000e0500000|100%|HC|  |TAMS 0x00000000e0500000, 0x00000000e0500000| Complete 
|   5|0x00000000e0500000, 0x00000000e0600000, 0x00000000e0600000|100%|HC|  |TAMS 0x00000000e0600000, 0x00000000e0600000| Complete 
|   6|0x00000000e0600000, 0x00000000e0700000, 0x00000000e0700000|100%| O|  |TAMS 0x00000000e0700000, 0x00000000e0700000| Untracked 
|   7|0x00000000e0700000, 0x00000000e0800000, 0x00000000e0800000|100%| O|  |TAMS 0x00000000e0800000, 0x00000000e0800000| Untracked 
|   8|0x00000000e0800000, 0x00000000e0900000, 0x00000000e0900000|100%| O|  |TAMS 0x00000000e0900000, 0x00000000e0900000| Untracked 
|   9|0x00000000e0900000, 0x00000000e0a00000, 0x00000000e0a00000|100%| O|  |TAMS 0x00000000e0a00000, 0x00000000e0a00000| Untracked 
|  10|0x00000000e0a00000, 0x00000000e0b00000, 0x00000000e0b00000|100%| O|  |TAMS 0x00000000e0b00000, 0x00000000e0b00000| Untracked 
|  11|0x00000000e0b00000, 0x00000000e0c00000, 0x00000000e0c00000|100%| O|  |TAMS 0x00000000e0c00000, 0x00000000e0c00000| Untracked 
|  12|0x00000000e0c00000, 0x00000000e0d00000, 0x00000000e0d00000|100%| O|  |TAMS 0x00000000e0d00000, 0x00000000e0d00000| Untracked 
|  13|0x00000000e0d00000, 0x00000000e0e00000, 0x00000000e0e00000|100%| O|  |TAMS 0x00000000e0e00000, 0x00000000e0e00000| Untracked 
|  14|0x00000000e0e00000, 0x00000000e0e00000, 0x00000000e0f00000|  0%| F|  |TAMS 0x00000000e0e00000, 0x00000000e0e00000| Untracked 
|  15|0x00000000e0f00000, 0x00000000e1000000, 0x00000000e1000000|100%| O|  |TAMS 0x00000000e0f00000, 0x00000000e1000000| Untracked 
|  16|0x00000000e1000000, 0x00000000e1100000, 0x00000000e1100000|100%| O|  |TAMS 0x00000000e1000000, 0x00000000e1100000| Untracked 
|  17|0x00000000e1100000, 0x00000000e1200000, 0x00000000e1200000|100%| O|  |TAMS 0x00000000e1200000, 0x00000000e1200000| Untracked 
|  18|0x00000000e1200000, 0x00000000e1300000, 0x00000000e1300000|100%| O|  |TAMS 0x00000000e1200000, 0x00000000e1300000| Untracked 
|  19|0x00000000e1300000, 0x00000000e1400000, 0x00000000e1400000|100%| O|  |TAMS 0x00000000e1400000, 0x00000000e1400000| Untracked 
|  20|0x00000000e1400000, 0x00000000e1500000, 0x00000000e1500000|100%| O|  |TAMS 0x00000000e1500000, 0x00000000e1500000| Untracked 
|  21|0x00000000e1500000, 0x00000000e1600000, 0x00000000e1600000|100%| O|  |TAMS 0x00000000e1600000, 0x00000000e1600000| Untracked 
|  22|0x00000000e1600000, 0x00000000e1700000, 0x00000000e1700000|100%| O|  |TAMS 0x00000000e1700000, 0x00000000e1700000| Untracked 
|  23|0x00000000e1700000, 0x00000000e1700000, 0x00000000e1800000|  0%| F|  |TAMS 0x00000000e1700000, 0x00000000e1700000| Untracked 
|  24|0x00000000e1800000, 0x00000000e1900000, 0x00000000e1900000|100%| O|  |TAMS 0x00000000e1900000, 0x00000000e1900000| Untracked 
|  25|0x00000000e1900000, 0x00000000e1a00000, 0x00000000e1a00000|100%| O|  |TAMS 0x00000000e1900000, 0x00000000e1a00000| Untracked 
|  26|0x00000000e1a00000, 0x00000000e1b00000, 0x00000000e1b00000|100%| O|  |TAMS 0x00000000e1b00000, 0x00000000e1b00000| Untracked 
|  27|0x00000000e1b00000, 0x00000000e1c00000, 0x00000000e1c00000|100%| O|  |TAMS 0x00000000e1c00000, 0x00000000e1c00000| Untracked 
|  28|0x00000000e1c00000, 0x00000000e1d00000, 0x00000000e1d00000|100%| O|  |TAMS 0x00000000e1d00000, 0x00000000e1d00000| Untracked 
|  29|0x00000000e1d00000, 0x00000000e1e00000, 0x00000000e1e00000|100%| O|  |TAMS 0x00000000e1e00000, 0x00000000e1e00000| Untracked 
|  30|0x00000000e1e00000, 0x00000000e1f00000, 0x00000000e1f00000|100%| O|  |TAMS 0x00000000e1f00000, 0x00000000e1f00000| Untracked 
|  31|0x00000000e1f00000, 0x00000000e2000000, 0x00000000e2000000|100%| O|  |TAMS 0x00000000e2000000, 0x00000000e2000000| Untracked 
|  32|0x00000000e2000000, 0x00000000e2100000, 0x00000000e2100000|100%| O|  |TAMS 0x00000000e2100000, 0x00000000e2100000| Untracked 
|  33|0x00000000e2100000, 0x00000000e2100000, 0x00000000e2200000|  0%| F|  |TAMS 0x00000000e2100000, 0x00000000e2100000| Untracked 
|  34|0x00000000e2200000, 0x00000000e2300000, 0x00000000e2300000|100%| O|  |TAMS 0x00000000e2200000, 0x00000000e2300000| Untracked 
|  35|0x00000000e2300000, 0x00000000e2300000, 0x00000000e2400000|  0%| F|  |TAMS 0x00000000e2300000, 0x00000000e2300000| Untracked 
|  36|0x00000000e2400000, 0x00000000e2500000, 0x00000000e2500000|100%| O|  |TAMS 0x00000000e2500000, 0x00000000e2500000| Untracked 
|  37|0x00000000e2500000, 0x00000000e2600000, 0x00000000e2600000|100%| O|  |TAMS 0x00000000e2600000, 0x00000000e2600000| Untracked 
|  38|0x00000000e2600000, 0x00000000e2700000, 0x00000000e2700000|100%| O|  |TAMS 0x00000000e2700000, 0x00000000e2700000| Untracked 
|  39|0x00000000e2700000, 0x00000000e2800000, 0x00000000e2800000|100%| O|  |TAMS 0x00000000e2800000, 0x00000000e2800000| Untracked 
|  40|0x00000000e2800000, 0x00000000e2900000, 0x00000000e2900000|100%| O|  |TAMS 0x00000000e2900000, 0x00000000e2900000| Untracked 
|  41|0x00000000e2900000, 0x00000000e2a00000, 0x00000000e2a00000|100%| O|  |TAMS 0x00000000e2a00000, 0x00000000e2a00000| Untracked 
|  42|0x00000000e2a00000, 0x00000000e2b00000, 0x00000000e2b00000|100%| O|  |TAMS 0x00000000e2b00000, 0x00000000e2b00000| Untracked 
|  43|0x00000000e2b00000, 0x00000000e2c00000, 0x00000000e2c00000|100%| O|  |TAMS 0x00000000e2c00000, 0x00000000e2c00000| Untracked 
|  44|0x00000000e2c00000, 0x00000000e2d00000, 0x00000000e2d00000|100%| O|  |TAMS 0x00000000e2d00000, 0x00000000e2d00000| Untracked 
|  45|0x00000000e2d00000, 0x00000000e2e00000, 0x00000000e2e00000|100%| O|  |TAMS 0x00000000e2e00000, 0x00000000e2e00000| Untracked 
|  46|0x00000000e2e00000, 0x00000000e2f00000, 0x00000000e2f00000|100%| O|  |TAMS 0x00000000e2f00000, 0x00000000e2f00000| Untracked 
|  47|0x00000000e2f00000, 0x00000000e3000000, 0x00000000e3000000|100%| O|  |TAMS 0x00000000e3000000, 0x00000000e3000000| Untracked 
|  48|0x00000000e3000000, 0x00000000e3100000, 0x00000000e3100000|100%| O|  |TAMS 0x00000000e3100000, 0x00000000e3100000| Untracked 
|  49|0x00000000e3100000, 0x00000000e3100000, 0x00000000e3200000|  0%| F|  |TAMS 0x00000000e3100000, 0x00000000e3100000| Untracked 
|  50|0x00000000e3200000, 0x00000000e3300000, 0x00000000e3300000|100%| O|  |TAMS 0x00000000e3200000, 0x00000000e3300000| Untracked 
|  51|0x00000000e3300000, 0x00000000e3300000, 0x00000000e3400000|  0%| F|  |TAMS 0x00000000e3300000, 0x00000000e3300000| Untracked 
|  52|0x00000000e3400000, 0x00000000e3500000, 0x00000000e3500000|100%| O|  |TAMS 0x00000000e3500000, 0x00000000e3500000| Untracked 
|  53|0x00000000e3500000, 0x00000000e3600000, 0x00000000e3600000|100%| O|  |TAMS 0x00000000e3600000, 0x00000000e3600000| Untracked 
|  54|0x00000000e3600000, 0x00000000e3700000, 0x00000000e3700000|100%| O|  |TAMS 0x00000000e3700000, 0x00000000e3700000| Untracked 
|  55|0x00000000e3700000, 0x00000000e3800000, 0x00000000e3800000|100%| O|  |TAMS 0x00000000e3800000, 0x00000000e3800000| Untracked 
|  56|0x00000000e3800000, 0x00000000e3900000, 0x00000000e3900000|100%| O|  |TAMS 0x00000000e3800000, 0x00000000e3900000| Untracked 
|  57|0x00000000e3900000, 0x00000000e3900000, 0x00000000e3a00000|  0%| F|  |TAMS 0x00000000e3900000, 0x00000000e3900000| Untracked 
|  58|0x00000000e3a00000, 0x00000000e3b00000, 0x00000000e3b00000|100%| O|  |TAMS 0x00000000e3a00000, 0x00000000e3b00000| Untracked 
|  59|0x00000000e3b00000, 0x00000000e3c00000, 0x00000000e3c00000|100%| O|  |TAMS 0x00000000e3b00000, 0x00000000e3c00000| Untracked 
|  60|0x00000000e3c00000, 0x00000000e3d00000, 0x00000000e3d00000|100%| O|  |TAMS 0x00000000e3c00000, 0x00000000e3d00000| Untracked 
|  61|0x00000000e3d00000, 0x00000000e3d00000, 0x00000000e3e00000|  0%| F|  |TAMS 0x00000000e3d00000, 0x00000000e3d00000| Untracked 
|  62|0x00000000e3e00000, 0x00000000e3e00000, 0x00000000e3f00000|  0%| F|  |TAMS 0x00000000e3e00000, 0x00000000e3e00000| Untracked 
|  63|0x00000000e3f00000, 0x00000000e4000000, 0x00000000e4000000|100%| O|  |TAMS 0x00000000e3f00000, 0x00000000e4000000| Untracked 
|  64|0x00000000e4000000, 0x00000000e4100000, 0x00000000e4100000|100%| O|  |TAMS 0x00000000e4100000, 0x00000000e4100000| Untracked 
|  65|0x00000000e4100000, 0x00000000e4100000, 0x00000000e4200000|  0%| F|  |TAMS 0x00000000e4100000, 0x00000000e4100000| Untracked 
|  66|0x00000000e4200000, 0x00000000e4200000, 0x00000000e4300000|  0%| F|  |TAMS 0x00000000e4200000, 0x00000000e4200000| Untracked 
|  67|0x00000000e4300000, 0x00000000e4400000, 0x00000000e4400000|100%| O|  |TAMS 0x00000000e4400000, 0x00000000e4400000| Untracked 
|  68|0x00000000e4400000, 0x00000000e4500000, 0x00000000e4500000|100%| O|  |TAMS 0x00000000e4500000, 0x00000000e4500000| Untracked 
|  69|0x00000000e4500000, 0x00000000e4598e00, 0x00000000e4600000| 59%| O|  |TAMS 0x00000000e4500000, 0x00000000e4600000| Untracked 
|  70|0x00000000e4600000, 0x00000000e4600000, 0x00000000e4700000|  0%| F|  |TAMS 0x00000000e4600000, 0x00000000e4600000| Untracked 
|  71|0x00000000e4700000, 0x00000000e4800000, 0x00000000e4800000|100%| O|  |TAMS 0x00000000e4800000, 0x00000000e4800000| Untracked 
|  72|0x00000000e4800000, 0x00000000e4900000, 0x00000000e4900000|100%| O|  |TAMS 0x00000000e4900000, 0x00000000e4900000| Untracked 
|  73|0x00000000e4900000, 0x00000000e4a00000, 0x00000000e4a00000|100%| O|  |TAMS 0x00000000e4a00000, 0x00000000e4a00000| Untracked 
|  74|0x00000000e4a00000, 0x00000000e4a00000, 0x00000000e4b00000|  0%| F|  |TAMS 0x00000000e4a00000, 0x00000000e4a00000| Untracked 
|  75|0x00000000e4b00000, 0x00000000e4c00000, 0x00000000e4c00000|100%| O|  |TAMS 0x00000000e4c00000, 0x00000000e4c00000| Untracked 
|  76|0x00000000e4c00000, 0x00000000e4c00000, 0x00000000e4d00000|  0%| F|  |TAMS 0x00000000e4c00000, 0x00000000e4c00000| Untracked 
|  77|0x00000000e4d00000, 0x00000000e4d00000, 0x00000000e4e00000|  0%| F|  |TAMS 0x00000000e4d00000, 0x00000000e4d00000| Untracked 
|  78|0x00000000e4e00000, 0x00000000e4f00000, 0x00000000e4f00000|100%| O|  |TAMS 0x00000000e4f00000, 0x00000000e4f00000| Untracked 
|  79|0x00000000e4f00000, 0x00000000e4f00000, 0x00000000e5000000|  0%| F|  |TAMS 0x00000000e4f00000, 0x00000000e4f00000| Untracked 
|  80|0x00000000e5000000, 0x00000000e5000000, 0x00000000e5100000|  0%| F|  |TAMS 0x00000000e5000000, 0x00000000e5000000| Untracked 
|  81|0x00000000e5100000, 0x00000000e5100000, 0x00000000e5200000|  0%| F|  |TAMS 0x00000000e5100000, 0x00000000e5100000| Untracked 
|  82|0x00000000e5200000, 0x00000000e5300000, 0x00000000e5300000|100%| O|  |TAMS 0x00000000e5300000, 0x00000000e5300000| Untracked 
|  83|0x00000000e5300000, 0x00000000e5400000, 0x00000000e5400000|100%| O|  |TAMS 0x00000000e5400000, 0x00000000e5400000| Untracked 
|  84|0x00000000e5400000, 0x00000000e5500000, 0x00000000e5500000|100%| O|  |TAMS 0x00000000e5500000, 0x00000000e5500000| Untracked 
|  85|0x00000000e5500000, 0x00000000e5500000, 0x00000000e5600000|  0%| F|  |TAMS 0x00000000e5500000, 0x00000000e5500000| Untracked 
|  86|0x00000000e5600000, 0x00000000e5600000, 0x00000000e5700000|  0%| F|  |TAMS 0x00000000e5600000, 0x00000000e5600000| Untracked 
|  87|0x00000000e5700000, 0x00000000e5700000, 0x00000000e5800000|  0%| F|  |TAMS 0x00000000e5700000, 0x00000000e5700000| Untracked 
|  88|0x00000000e5800000, 0x00000000e5800000, 0x00000000e5900000|  0%| F|  |TAMS 0x00000000e5800000, 0x00000000e5800000| Untracked 
|  89|0x00000000e5900000, 0x00000000e5a00000, 0x00000000e5a00000|100%| O|  |TAMS 0x00000000e5a00000, 0x00000000e5a00000| Untracked 
|  90|0x00000000e5a00000, 0x00000000e5a00000, 0x00000000e5b00000|  0%| F|  |TAMS 0x00000000e5a00000, 0x00000000e5a00000| Untracked 
|  91|0x00000000e5b00000, 0x00000000e5b00000, 0x00000000e5c00000|  0%| F|  |TAMS 0x00000000e5b00000, 0x00000000e5b00000| Untracked 
|  92|0x00000000e5c00000, 0x00000000e5d00000, 0x00000000e5d00000|100%| O|  |TAMS 0x00000000e5d00000, 0x00000000e5d00000| Untracked 
|  93|0x00000000e5d00000, 0x00000000e5e00000, 0x00000000e5e00000|100%| O|  |TAMS 0x00000000e5d5d200, 0x00000000e5e00000| Untracked 
|  94|0x00000000e5e00000, 0x00000000e5e00000, 0x00000000e5f00000|  0%| F|  |TAMS 0x00000000e5e00000, 0x00000000e5e00000| Untracked 
|  95|0x00000000e5f00000, 0x00000000e6000000, 0x00000000e6000000|100%| O|  |TAMS 0x00000000e6000000, 0x00000000e6000000| Untracked 
|  96|0x00000000e6000000, 0x00000000e6000000, 0x00000000e6100000|  0%| F|  |TAMS 0x00000000e6000000, 0x00000000e6000000| Untracked 
|  97|0x00000000e6100000, 0x00000000e6100000, 0x00000000e6200000|  0%| F|  |TAMS 0x00000000e6100000, 0x00000000e6100000| Untracked 
|  98|0x00000000e6200000, 0x00000000e6300000, 0x00000000e6300000|100%| O|  |TAMS 0x00000000e6300000, 0x00000000e6300000| Untracked 
|  99|0x00000000e6300000, 0x00000000e6300000, 0x00000000e6400000|  0%| F|  |TAMS 0x00000000e6300000, 0x00000000e6300000| Untracked 
| 100|0x00000000e6400000, 0x00000000e6500000, 0x00000000e6500000|100%| O|  |TAMS 0x00000000e6500000, 0x00000000e6500000| Untracked 
| 101|0x00000000e6500000, 0x00000000e6500000, 0x00000000e6600000|  0%| F|  |TAMS 0x00000000e6500000, 0x00000000e6500000| Untracked 
| 102|0x00000000e6600000, 0x00000000e6600000, 0x00000000e6700000|  0%| F|  |TAMS 0x00000000e6600000, 0x00000000e6600000| Untracked 
| 103|0x00000000e6700000, 0x00000000e6800000, 0x00000000e6800000|100%| O|  |TAMS 0x00000000e6800000, 0x00000000e6800000| Untracked 
| 104|0x00000000e6800000, 0x00000000e6800000, 0x00000000e6900000|  0%| F|  |TAMS 0x00000000e6800000, 0x00000000e6800000| Untracked 
| 105|0x00000000e6900000, 0x00000000e6900000, 0x00000000e6a00000|  0%| F|  |TAMS 0x00000000e6900000, 0x00000000e6900000| Untracked 
| 106|0x00000000e6a00000, 0x00000000e6a00000, 0x00000000e6b00000|  0%| F|  |TAMS 0x00000000e6a00000, 0x00000000e6a00000| Untracked 
| 107|0x00000000e6b00000, 0x00000000e6b00000, 0x00000000e6c00000|  0%| F|  |TAMS 0x00000000e6b00000, 0x00000000e6b00000| Untracked 
| 108|0x00000000e6c00000, 0x00000000e6c00000, 0x00000000e6d00000|  0%| F|  |TAMS 0x00000000e6c00000, 0x00000000e6c00000| Untracked 
| 109|0x00000000e6d00000, 0x00000000e6d00000, 0x00000000e6e00000|  0%| F|  |TAMS 0x00000000e6d00000, 0x00000000e6d00000| Untracked 
| 110|0x00000000e6e00000, 0x00000000e6e00000, 0x00000000e6f00000|  0%| F|  |TAMS 0x00000000e6e00000, 0x00000000e6e00000| Untracked 
| 111|0x00000000e6f00000, 0x00000000e6f00000, 0x00000000e7000000|  0%| F|  |TAMS 0x00000000e6f00000, 0x00000000e6f00000| Untracked 
| 112|0x00000000e7000000, 0x00000000e7000000, 0x00000000e7100000|  0%| F|  |TAMS 0x00000000e7000000, 0x00000000e7000000| Untracked 
| 113|0x00000000e7100000, 0x00000000e7100000, 0x00000000e7200000|  0%| F|  |TAMS 0x00000000e7100000, 0x00000000e7100000| Untracked 
| 114|0x00000000e7200000, 0x00000000e7200000, 0x00000000e7300000|  0%| F|  |TAMS 0x00000000e7200000, 0x00000000e7200000| Untracked 
| 115|0x00000000e7300000, 0x00000000e7300000, 0x00000000e7400000|  0%| F|  |TAMS 0x00000000e7300000, 0x00000000e7300000| Untracked 
| 116|0x00000000e7400000, 0x00000000e7400000, 0x00000000e7500000|  0%| F|  |TAMS 0x00000000e7400000, 0x00000000e7400000| Untracked 
| 117|0x00000000e7500000, 0x00000000e7500000, 0x00000000e7600000|  0%| F|  |TAMS 0x00000000e7500000, 0x00000000e7500000| Untracked 
| 118|0x00000000e7600000, 0x00000000e7600000, 0x00000000e7700000|  0%| F|  |TAMS 0x00000000e7600000, 0x00000000e7600000| Untracked 
| 119|0x00000000e7700000, 0x00000000e7700000, 0x00000000e7800000|  0%| F|  |TAMS 0x00000000e7700000, 0x00000000e7700000| Untracked 
| 120|0x00000000e7800000, 0x00000000e7800000, 0x00000000e7900000|  0%| F|  |TAMS 0x00000000e7800000, 0x00000000e7800000| Untracked 
| 121|0x00000000e7900000, 0x00000000e79b2b80, 0x00000000e7a00000| 69%| S|  |TAMS 0x00000000e7900000, 0x00000000e7900000| Complete 
| 122|0x00000000e7a00000, 0x00000000e7b00000, 0x00000000e7b00000|100%| S|  |TAMS 0x00000000e7a00000, 0x00000000e7a00000| Complete 
| 123|0x00000000e7b00000, 0x00000000e7c00000, 0x00000000e7c00000|100%| S|  |TAMS 0x00000000e7b00000, 0x00000000e7b00000| Complete 
| 124|0x00000000e7c00000, 0x00000000e7d00000, 0x00000000e7d00000|100%| S|  |TAMS 0x00000000e7c00000, 0x00000000e7c00000| Complete 
| 125|0x00000000e7d00000, 0x00000000e7e00000, 0x00000000e7e00000|100%| S|  |TAMS 0x00000000e7d00000, 0x00000000e7d00000| Complete 
| 126|0x00000000e7e00000, 0x00000000e7f00000, 0x00000000e7f00000|100%| O|  |TAMS 0x00000000e7f00000, 0x00000000e7f00000| Untracked 
| 127|0x00000000e7f00000, 0x00000000e8000000, 0x00000000e8000000|100%| O|  |TAMS 0x00000000e8000000, 0x00000000e8000000| Untracked 
| 128|0x00000000e8000000, 0x00000000e8100000, 0x00000000e8100000|100%| S|  |TAMS 0x00000000e8000000, 0x00000000e8000000| Complete 
| 129|0x00000000e8100000, 0x00000000e8200000, 0x00000000e8200000|100%| S|  |TAMS 0x00000000e8100000, 0x00000000e8100000| Complete 
| 130|0x00000000e8200000, 0x00000000e8300000, 0x00000000e8300000|100%| E|CS|TAMS 0x00000000e8200000, 0x00000000e8300000| Complete 
| 131|0x00000000e8300000, 0x00000000e8400000, 0x00000000e8400000|100%| E|CS|TAMS 0x00000000e8300000, 0x00000000e8400000| Complete 
| 132|0x00000000e8400000, 0x00000000e8500000, 0x00000000e8500000|100%| E|CS|TAMS 0x00000000e8400000, 0x00000000e8500000| Complete 
| 133|0x00000000e8500000, 0x00000000e8600000, 0x00000000e8600000|100%| E|CS|TAMS 0x00000000e8500000, 0x00000000e8600000| Complete 
| 134|0x00000000e8600000, 0x00000000e8700000, 0x00000000e8700000|100%| E|CS|TAMS 0x00000000e8600000, 0x00000000e8700000| Complete 
| 135|0x00000000e8700000, 0x00000000e8800000, 0x00000000e8800000|100%| E|CS|TAMS 0x00000000e8700000, 0x00000000e8800000| Complete 
| 136|0x00000000e8800000, 0x00000000e8900000, 0x00000000e8900000|100%| E|CS|TAMS 0x00000000e8800000, 0x00000000e8900000| Complete 
| 137|0x00000000e8900000, 0x00000000e8a00000, 0x00000000e8a00000|100%| E|CS|TAMS 0x00000000e8900000, 0x00000000e8a00000| Complete 
| 138|0x00000000e8a00000, 0x00000000e8b00000, 0x00000000e8b00000|100%| E|CS|TAMS 0x00000000e8a00000, 0x00000000e8b00000| Complete 
| 139|0x00000000e8b00000, 0x00000000e8c00000, 0x00000000e8c00000|100%| E|CS|TAMS 0x00000000e8b00000, 0x00000000e8c00000| Complete 
| 140|0x00000000e8c00000, 0x00000000e8d00000, 0x00000000e8d00000|100%| E|CS|TAMS 0x00000000e8c00000, 0x00000000e8d00000| Complete 
| 141|0x00000000e8d00000, 0x00000000e8e00000, 0x00000000e8e00000|100%| E|CS|TAMS 0x00000000e8d00000, 0x00000000e8e00000| Complete 
| 142|0x00000000e8e00000, 0x00000000e8f00000, 0x00000000e8f00000|100%| E|CS|TAMS 0x00000000e8e00000, 0x00000000e8f00000| Complete 
| 143|0x00000000e8f00000, 0x00000000e9000000, 0x00000000e9000000|100%| E|CS|TAMS 0x00000000e8f00000, 0x00000000e9000000| Complete 
| 144|0x00000000e9000000, 0x00000000e9100000, 0x00000000e9100000|100%| E|CS|TAMS 0x00000000e9000000, 0x00000000e9100000| Complete 
| 145|0x00000000e9100000, 0x00000000e9200000, 0x00000000e9200000|100%| E|CS|TAMS 0x00000000e9100000, 0x00000000e9200000| Complete 
| 146|0x00000000e9200000, 0x00000000e9300000, 0x00000000e9300000|100%| E|CS|TAMS 0x00000000e9200000, 0x00000000e9300000| Complete 
| 147|0x00000000e9300000, 0x00000000e9400000, 0x00000000e9400000|100%| E|CS|TAMS 0x00000000e9300000, 0x00000000e9400000| Complete 
| 148|0x00000000e9400000, 0x00000000e9500000, 0x00000000e9500000|100%| E|CS|TAMS 0x00000000e9400000, 0x00000000e9500000| Complete 
| 149|0x00000000e9500000, 0x00000000e9600000, 0x00000000e9600000|100%| E|CS|TAMS 0x00000000e9500000, 0x00000000e9600000| Complete 
| 150|0x00000000e9600000, 0x00000000e9700000, 0x00000000e9700000|100%| E|CS|TAMS 0x00000000e9600000, 0x00000000e9700000| Complete 
| 151|0x00000000e9700000, 0x00000000e9800000, 0x00000000e9800000|100%| E|CS|TAMS 0x00000000e9700000, 0x00000000e9800000| Complete 
| 152|0x00000000e9800000, 0x00000000e9900000, 0x00000000e9900000|100%| E|CS|TAMS 0x00000000e9800000, 0x00000000e9900000| Complete 
| 153|0x00000000e9900000, 0x00000000e9a00000, 0x00000000e9a00000|100%| E|CS|TAMS 0x00000000e9900000, 0x00000000e9a00000| Complete 
| 154|0x00000000e9a00000, 0x00000000e9b00000, 0x00000000e9b00000|100%| E|CS|TAMS 0x00000000e9a00000, 0x00000000e9b00000| Complete 
| 155|0x00000000e9b00000, 0x00000000e9c00000, 0x00000000e9c00000|100%| E|CS|TAMS 0x00000000e9b00000, 0x00000000e9c00000| Complete 
| 156|0x00000000e9c00000, 0x00000000e9d00000, 0x00000000e9d00000|100%| E|CS|TAMS 0x00000000e9c00000, 0x00000000e9d00000| Complete 
| 157|0x00000000e9d00000, 0x00000000e9e00000, 0x00000000e9e00000|100%| E|CS|TAMS 0x00000000e9d00000, 0x00000000e9e00000| Complete 
| 158|0x00000000e9e00000, 0x00000000e9f00000, 0x00000000e9f00000|100%| E|CS|TAMS 0x00000000e9e00000, 0x00000000e9f00000| Complete 
| 159|0x00000000e9f00000, 0x00000000ea000000, 0x00000000ea000000|100%| E|CS|TAMS 0x00000000e9f00000, 0x00000000ea000000| Complete 
| 160|0x00000000ea000000, 0x00000000ea100000, 0x00000000ea100000|100%| E|CS|TAMS 0x00000000ea000000, 0x00000000ea100000| Complete 
| 161|0x00000000ea100000, 0x00000000ea200000, 0x00000000ea200000|100%| E|CS|TAMS 0x00000000ea100000, 0x00000000ea200000| Complete 
| 162|0x00000000ea200000, 0x00000000ea300000, 0x00000000ea300000|100%| E|CS|TAMS 0x00000000ea200000, 0x00000000ea300000| Complete 
| 163|0x00000000ea300000, 0x00000000ea400000, 0x00000000ea400000|100%| E|CS|TAMS 0x00000000ea300000, 0x00000000ea400000| Complete 
| 164|0x00000000ea400000, 0x00000000ea500000, 0x00000000ea500000|100%| E|CS|TAMS 0x00000000ea400000, 0x00000000ea500000| Complete 
| 165|0x00000000ea500000, 0x00000000ea600000, 0x00000000ea600000|100%| E|CS|TAMS 0x00000000ea500000, 0x00000000ea600000| Complete 
| 166|0x00000000ea600000, 0x00000000ea700000, 0x00000000ea700000|100%| E|CS|TAMS 0x00000000ea600000, 0x00000000ea700000| Complete 
| 167|0x00000000ea700000, 0x00000000ea800000, 0x00000000ea800000|100%| E|CS|TAMS 0x00000000ea700000, 0x00000000ea800000| Complete 
| 168|0x00000000ea800000, 0x00000000ea900000, 0x00000000ea900000|100%| E|CS|TAMS 0x00000000ea800000, 0x00000000ea900000| Complete 
| 169|0x00000000ea900000, 0x00000000eaa00000, 0x00000000eaa00000|100%| E|CS|TAMS 0x00000000ea900000, 0x00000000eaa00000| Complete 
| 170|0x00000000eaa00000, 0x00000000eab00000, 0x00000000eab00000|100%| E|CS|TAMS 0x00000000eaa00000, 0x00000000eab00000| Complete 
| 171|0x00000000eab00000, 0x00000000eac00000, 0x00000000eac00000|100%| E|CS|TAMS 0x00000000eab00000, 0x00000000eac00000| Complete 
| 172|0x00000000eac00000, 0x00000000ead00000, 0x00000000ead00000|100%| E|CS|TAMS 0x00000000eac00000, 0x00000000ead00000| Complete 
| 173|0x00000000ead00000, 0x00000000eae00000, 0x00000000eae00000|100%| E|CS|TAMS 0x00000000ead00000, 0x00000000eae00000| Complete 
| 174|0x00000000eae00000, 0x00000000eaf00000, 0x00000000eaf00000|100%| E|CS|TAMS 0x00000000eae00000, 0x00000000eaf00000| Complete 
| 175|0x00000000eaf00000, 0x00000000eb000000, 0x00000000eb000000|100%| E|CS|TAMS 0x00000000eaf00000, 0x00000000eb000000| Complete 
| 176|0x00000000eb000000, 0x00000000eb100000, 0x00000000eb100000|100%| E|CS|TAMS 0x00000000eb000000, 0x00000000eb100000| Complete 
| 177|0x00000000eb100000, 0x00000000eb200000, 0x00000000eb200000|100%| E|CS|TAMS 0x00000000eb100000, 0x00000000eb200000| Complete 
| 178|0x00000000eb200000, 0x00000000eb300000, 0x00000000eb300000|100%| E|CS|TAMS 0x00000000eb200000, 0x00000000eb300000| Complete 
| 179|0x00000000eb300000, 0x00000000eb400000, 0x00000000eb400000|100%| E|CS|TAMS 0x00000000eb300000, 0x00000000eb400000| Complete 
| 180|0x00000000eb400000, 0x00000000eb500000, 0x00000000eb500000|100%| E|CS|TAMS 0x00000000eb400000, 0x00000000eb500000| Complete 
| 181|0x00000000eb500000, 0x00000000eb600000, 0x00000000eb600000|100%| E|CS|TAMS 0x00000000eb500000, 0x00000000eb600000| Complete 
| 182|0x00000000eb600000, 0x00000000eb700000, 0x00000000eb700000|100%| E|CS|TAMS 0x00000000eb600000, 0x00000000eb700000| Complete 
| 183|0x00000000eb700000, 0x00000000eb800000, 0x00000000eb800000|100%| E|CS|TAMS 0x00000000eb700000, 0x00000000eb800000| Complete 
| 184|0x00000000eb800000, 0x00000000eb900000, 0x00000000eb900000|100%| E|CS|TAMS 0x00000000eb800000, 0x00000000eb900000| Complete 
| 185|0x00000000eb900000, 0x00000000eba00000, 0x00000000eba00000|100%| E|CS|TAMS 0x00000000eb900000, 0x00000000eba00000| Complete 
| 186|0x00000000eba00000, 0x00000000ebb00000, 0x00000000ebb00000|100%| E|CS|TAMS 0x00000000eba00000, 0x00000000ebb00000| Complete 
| 187|0x00000000ebb00000, 0x00000000ebc00000, 0x00000000ebc00000|100%| E|CS|TAMS 0x00000000ebb00000, 0x00000000ebc00000| Complete 
| 188|0x00000000ebc00000, 0x00000000ebd00000, 0x00000000ebd00000|100%| E|CS|TAMS 0x00000000ebc00000, 0x00000000ebd00000| Complete 
| 189|0x00000000ebd00000, 0x00000000ebe00000, 0x00000000ebe00000|100%| E|CS|TAMS 0x00000000ebd00000, 0x00000000ebe00000| Complete 
| 190|0x00000000ebe00000, 0x00000000ebf00000, 0x00000000ebf00000|100%| E|CS|TAMS 0x00000000ebe00000, 0x00000000ebf00000| Complete 
| 191|0x00000000ebf00000, 0x00000000ec000000, 0x00000000ec000000|100%| E|CS|TAMS 0x00000000ebf00000, 0x00000000ec000000| Complete 
| 192|0x00000000ec000000, 0x00000000ec100000, 0x00000000ec100000|100%| E|CS|TAMS 0x00000000ec000000, 0x00000000ec100000| Complete 
| 193|0x00000000ec100000, 0x00000000ec200000, 0x00000000ec200000|100%| E|CS|TAMS 0x00000000ec100000, 0x00000000ec200000| Complete 
| 194|0x00000000ec200000, 0x00000000ec300000, 0x00000000ec300000|100%| E|CS|TAMS 0x00000000ec200000, 0x00000000ec300000| Complete 
| 195|0x00000000ec300000, 0x00000000ec400000, 0x00000000ec400000|100%| E|CS|TAMS 0x00000000ec300000, 0x00000000ec400000| Complete 
| 196|0x00000000ec400000, 0x00000000ec500000, 0x00000000ec500000|100%| E|CS|TAMS 0x00000000ec400000, 0x00000000ec500000| Complete 
| 197|0x00000000ec500000, 0x00000000ec600000, 0x00000000ec600000|100%| E|CS|TAMS 0x00000000ec500000, 0x00000000ec600000| Complete 
| 198|0x00000000ec600000, 0x00000000ec700000, 0x00000000ec700000|100%| E|CS|TAMS 0x00000000ec600000, 0x00000000ec700000| Complete 
| 199|0x00000000ec700000, 0x00000000ec800000, 0x00000000ec800000|100%| E|CS|TAMS 0x00000000ec700000, 0x00000000ec800000| Complete 
| 200|0x00000000ec800000, 0x00000000ec900000, 0x00000000ec900000|100%| E|CS|TAMS 0x00000000ec800000, 0x00000000ec900000| Complete 
| 201|0x00000000ec900000, 0x00000000eca00000, 0x00000000eca00000|100%| E|CS|TAMS 0x00000000ec900000, 0x00000000eca00000| Complete 
| 202|0x00000000eca00000, 0x00000000ecb00000, 0x00000000ecb00000|100%| E|CS|TAMS 0x00000000eca00000, 0x00000000ecb00000| Complete 
| 203|0x00000000ecb00000, 0x00000000ecc00000, 0x00000000ecc00000|100%| E|CS|TAMS 0x00000000ecb00000, 0x00000000ecc00000| Complete 
| 204|0x00000000ecc00000, 0x00000000ecd00000, 0x00000000ecd00000|100%| E|CS|TAMS 0x00000000ecc00000, 0x00000000ecd00000| Complete 
| 205|0x00000000ecd00000, 0x00000000ece00000, 0x00000000ece00000|100%| E|CS|TAMS 0x00000000ecd00000, 0x00000000ece00000| Complete 
| 206|0x00000000ece00000, 0x00000000ecf00000, 0x00000000ecf00000|100%| E|CS|TAMS 0x00000000ece00000, 0x00000000ecf00000| Complete 
| 207|0x00000000ecf00000, 0x00000000ed000000, 0x00000000ed000000|100%| E|CS|TAMS 0x00000000ecf00000, 0x00000000ed000000| Complete 
| 208|0x00000000ed000000, 0x00000000ed100000, 0x00000000ed100000|100%| E|CS|TAMS 0x00000000ed000000, 0x00000000ed100000| Complete 
| 209|0x00000000ed100000, 0x00000000ed200000, 0x00000000ed200000|100%| E|CS|TAMS 0x00000000ed100000, 0x00000000ed200000| Complete 
| 210|0x00000000ed200000, 0x00000000ed300000, 0x00000000ed300000|100%| E|CS|TAMS 0x00000000ed200000, 0x00000000ed300000| Complete 
| 211|0x00000000ed300000, 0x00000000ed400000, 0x00000000ed400000|100%| E|CS|TAMS 0x00000000ed300000, 0x00000000ed400000| Complete 
| 212|0x00000000ed400000, 0x00000000ed500000, 0x00000000ed500000|100%| E|CS|TAMS 0x00000000ed400000, 0x00000000ed500000| Complete 
| 213|0x00000000ed500000, 0x00000000ed600000, 0x00000000ed600000|100%| E|CS|TAMS 0x00000000ed500000, 0x00000000ed600000| Complete 
| 214|0x00000000ed600000, 0x00000000ed700000, 0x00000000ed700000|100%| E|CS|TAMS 0x00000000ed600000, 0x00000000ed700000| Complete 
| 215|0x00000000ed700000, 0x00000000ed800000, 0x00000000ed800000|100%| E|CS|TAMS 0x00000000ed700000, 0x00000000ed800000| Complete 
| 216|0x00000000ed800000, 0x00000000ed900000, 0x00000000ed900000|100%| E|CS|TAMS 0x00000000ed800000, 0x00000000ed900000| Complete 
| 217|0x00000000ed900000, 0x00000000eda00000, 0x00000000eda00000|100%| E|CS|TAMS 0x00000000ed900000, 0x00000000eda00000| Complete 
| 218|0x00000000eda00000, 0x00000000edb00000, 0x00000000edb00000|100%| E|CS|TAMS 0x00000000eda00000, 0x00000000edb00000| Complete 
| 219|0x00000000edb00000, 0x00000000edc00000, 0x00000000edc00000|100%| E|CS|TAMS 0x00000000edb00000, 0x00000000edc00000| Complete 
| 220|0x00000000edc00000, 0x00000000edd00000, 0x00000000edd00000|100%| E|CS|TAMS 0x00000000edc00000, 0x00000000edd00000| Complete 
| 221|0x00000000edd00000, 0x00000000ede00000, 0x00000000ede00000|100%| E|CS|TAMS 0x00000000edd00000, 0x00000000ede00000| Complete 
| 222|0x00000000ede00000, 0x00000000edf00000, 0x00000000edf00000|100%| E|CS|TAMS 0x00000000ede00000, 0x00000000edf00000| Complete 
| 223|0x00000000edf00000, 0x00000000ee000000, 0x00000000ee000000|100%| E|CS|TAMS 0x00000000edf00000, 0x00000000ee000000| Complete 
| 224|0x00000000ee000000, 0x00000000ee100000, 0x00000000ee100000|100%| E|CS|TAMS 0x00000000ee000000, 0x00000000ee100000| Complete 
| 225|0x00000000ee100000, 0x00000000ee200000, 0x00000000ee200000|100%| E|CS|TAMS 0x00000000ee100000, 0x00000000ee200000| Complete 
| 226|0x00000000ee200000, 0x00000000ee300000, 0x00000000ee300000|100%| E|CS|TAMS 0x00000000ee200000, 0x00000000ee300000| Complete 
| 227|0x00000000ee300000, 0x00000000ee400000, 0x00000000ee400000|100%| E|CS|TAMS 0x00000000ee300000, 0x00000000ee400000| Complete 
| 228|0x00000000ee400000, 0x00000000ee500000, 0x00000000ee500000|100%| E|CS|TAMS 0x00000000ee400000, 0x00000000ee500000| Complete 
| 229|0x00000000ee500000, 0x00000000ee600000, 0x00000000ee600000|100%| E|CS|TAMS 0x00000000ee500000, 0x00000000ee600000| Complete 
| 230|0x00000000ee600000, 0x00000000ee700000, 0x00000000ee700000|100%| E|CS|TAMS 0x00000000ee600000, 0x00000000ee700000| Complete 
| 231|0x00000000ee700000, 0x00000000ee800000, 0x00000000ee800000|100%| E|CS|TAMS 0x00000000ee700000, 0x00000000ee800000| Complete 
| 232|0x00000000ee800000, 0x00000000ee900000, 0x00000000ee900000|100%| E|CS|TAMS 0x00000000ee800000, 0x00000000ee900000| Complete 
| 233|0x00000000ee900000, 0x00000000eea00000, 0x00000000eea00000|100%| E|CS|TAMS 0x00000000ee900000, 0x00000000eea00000| Complete 
| 234|0x00000000eea00000, 0x00000000eeb00000, 0x00000000eeb00000|100%| E|CS|TAMS 0x00000000eea00000, 0x00000000eeb00000| Complete 
| 235|0x00000000eeb00000, 0x00000000eec00000, 0x00000000eec00000|100%| E|CS|TAMS 0x00000000eeb00000, 0x00000000eec00000| Complete 
| 236|0x00000000eec00000, 0x00000000eed00000, 0x00000000eed00000|100%| E|CS|TAMS 0x00000000eec00000, 0x00000000eed00000| Complete 
| 237|0x00000000eed00000, 0x00000000eee00000, 0x00000000eee00000|100%| E|CS|TAMS 0x00000000eed00000, 0x00000000eee00000| Complete 
| 238|0x00000000eee00000, 0x00000000eef00000, 0x00000000eef00000|100%| E|CS|TAMS 0x00000000eee00000, 0x00000000eef00000| Complete 
| 239|0x00000000eef00000, 0x00000000ef000000, 0x00000000ef000000|100%| E|CS|TAMS 0x00000000eef00000, 0x00000000ef000000| Complete 
| 240|0x00000000ef000000, 0x00000000ef100000, 0x00000000ef100000|100%| E|CS|TAMS 0x00000000ef000000, 0x00000000ef100000| Complete 
| 241|0x00000000ef100000, 0x00000000ef200000, 0x00000000ef200000|100%| E|CS|TAMS 0x00000000ef100000, 0x00000000ef200000| Complete 
| 242|0x00000000ef200000, 0x00000000ef300000, 0x00000000ef300000|100%| E|CS|TAMS 0x00000000ef200000, 0x00000000ef300000| Complete 
| 243|0x00000000ef300000, 0x00000000ef400000, 0x00000000ef400000|100%| E|CS|TAMS 0x00000000ef300000, 0x00000000ef400000| Complete 
| 244|0x00000000ef400000, 0x00000000ef500000, 0x00000000ef500000|100%| E|CS|TAMS 0x00000000ef400000, 0x00000000ef500000| Complete 
| 245|0x00000000ef500000, 0x00000000ef600000, 0x00000000ef600000|100%| E|CS|TAMS 0x00000000ef500000, 0x00000000ef600000| Complete 
| 246|0x00000000ef600000, 0x00000000ef700000, 0x00000000ef700000|100%| E|CS|TAMS 0x00000000ef600000, 0x00000000ef700000| Complete 
| 247|0x00000000ef700000, 0x00000000ef800000, 0x00000000ef800000|100%| E|CS|TAMS 0x00000000ef700000, 0x00000000ef800000| Complete 
| 248|0x00000000ef800000, 0x00000000ef900000, 0x00000000ef900000|100%| E|CS|TAMS 0x00000000ef800000, 0x00000000ef900000| Complete 
| 249|0x00000000ef900000, 0x00000000efa00000, 0x00000000efa00000|100%| E|CS|TAMS 0x00000000ef900000, 0x00000000efa00000| Complete 
| 250|0x00000000efa00000, 0x00000000efb00000, 0x00000000efb00000|100%| E|CS|TAMS 0x00000000efa00000, 0x00000000efb00000| Complete 
| 251|0x00000000efb00000, 0x00000000efc00000, 0x00000000efc00000|100%| E|CS|TAMS 0x00000000efb00000, 0x00000000efc00000| Complete 
| 252|0x00000000efc00000, 0x00000000efd00000, 0x00000000efd00000|100%| E|CS|TAMS 0x00000000efc00000, 0x00000000efd00000| Complete 
| 253|0x00000000efd00000, 0x00000000efe00000, 0x00000000efe00000|100%| E|CS|TAMS 0x00000000efd00000, 0x00000000efe00000| Complete 
| 254|0x00000000efe00000, 0x00000000eff00000, 0x00000000eff00000|100%| E|CS|TAMS 0x00000000efe00000, 0x00000000eff00000| Complete 
| 255|0x00000000eff00000, 0x00000000f0000000, 0x00000000f0000000|100%| E|CS|TAMS 0x00000000eff00000, 0x00000000f0000000| Complete 

Card table byte_map: [0x000001fe71ec0000,0x000001fe71fc0000] _byte_map_base: 0x000001fe717c0000

Marking Bits (Prev, Next): (CMBitMap*) 0x000001fe5ab7b9a0, (CMBitMap*) 0x000001fe5ab7b968
 Prev Bits: [0x000001fe728c0000, 0x000001fe730c0000)
 Next Bits: [0x000001fe720c0000, 0x000001fe728c0000)

Polling page: 0x000001fe58a00000

Metaspace:

Usage:
  Non-class:     76.10 MB capacity,    74.72 MB ( 98%) used,     1.14 MB (  1%) free+waste,   239.06 KB ( <1%) overhead. 
      Class:     10.63 MB capacity,     9.91 MB ( 93%) used,   639.31 KB (  6%) free+waste,   102.00 KB ( <1%) overhead. 
       Both:     86.73 MB capacity,    84.63 MB ( 98%) used,     1.76 MB (  2%) free+waste,   341.06 KB ( <1%) overhead. 

Virtual space:
  Non-class space:       84.00 MB reserved,      82.33 MB ( 98%) committed 
      Class space:      248.00 MB reserved,      11.75 MB (  5%) committed 
             Both:      332.00 MB reserved,      94.08 MB ( 28%) committed 

Chunk freelists:
   Non-Class:  767.25 KB
       Class:  126.88 KB
        Both:  894.13 KB

CodeHeap 'non-profiled nmethods': size=120064Kb used=19133Kb max_used=19133Kb free=100931Kb
 bounds [0x000001fe6a980000, 0x000001fe6bc40000, 0x000001fe71ec0000]
CodeHeap 'profiled nmethods': size=120000Kb used=36203Kb max_used=37804Kb free=83796Kb
 bounds [0x000001fe63450000, 0x000001fe65980000, 0x000001fe6a980000]
CodeHeap 'non-nmethods': size=5696Kb used=2326Kb max_used=2426Kb free=3369Kb
 bounds [0x000001fe62ec0000, 0x000001fe63130000, 0x000001fe63450000]
 total_blobs=31207 nmethods=16915 adapters=848
 compilation: enabled
              stopped_count=0, restarted_count=0
 full_count=0

Compilation events (10 events):
Event: 8796.178 Thread 0x000001fe75f6d800 22691       4       jdk.internal.loader.AbstractClassLoaderValue$Sub::hashCode (19 bytes)
Event: 8796.179 Thread 0x000001fe75f6d800 nmethod 22691 0x000001fe6bc33610 code [0x000001fe6bc337c0, 0x000001fe6bc33908]
Event: 8796.195 Thread 0x000001fe75f71000 22692       3       org.gradle.api.internal.tasks.DefaultSourceSetOutput::visitContents (12 bytes)
Event: 8796.196 Thread 0x000001fe75f71000 nmethod 22692 0x000001fe64ce1090 code [0x000001fe64ce1260, 0x000001fe64ce1490]
Event: 8796.196 Thread 0x000001fe75f71000 22693       3       org.gradle.api.internal.tasks.DefaultSourceSetOutput$$Lambda$194/0x000000010063bc40::call (8 bytes)
Event: 8796.196 Thread 0x000001fe75f71000 nmethod 22693 0x000001fe64ce5f10 code [0x000001fe64ce60e0, 0x000001fe64ce6310]
Event: 8796.199 Thread 0x000001fe75f71000 22694       3       org.gradle.process.internal.util.LongCommandLineDetectionUtil$$Lambda$555/0x0000000100336c40::apply (11 bytes)
Event: 8796.199 Thread 0x000001fe75f71000 nmethod 22694 0x000001fe64cf3990 code [0x000001fe64cf3ba0, 0x000001fe64cf4178]
Event: 8796.199 Thread 0x000001fe75f71000 22695       3       com.google.common.base.Joiner$1::toString (20 bytes)
Event: 8796.200 Thread 0x000001fe75f71000 nmethod 22695 0x000001fe64d5d990 code [0x000001fe64d5db60, 0x000001fe64d5ddd0]

GC Heap History (10 events):
Event: 8544.340 GC heap after
{Heap after GC invocations=150 (full 0):
 garbage-first heap   total 262144K, used 96215K [0x00000000e0000000, 0x0000000100000000)
  region size 1024K, 5 young (5120K), 5 survivors (5120K)
 Metaspace       used 86644K, capacity 88708K, committed 96340K, reserved 339968K
  class space    used 10151K, capacity 10895K, committed 12032K, reserved 253952K
}
Event: 8748.111 GC heap before
{Heap before GC invocations=150 (full 0):
 garbage-first heap   total 262144K, used 103383K [0x00000000e0000000, 0x0000000100000000)
  region size 1024K, 12 young (12288K), 5 survivors (5120K)
 Metaspace       used 86657K, capacity 88708K, committed 96340K, reserved 339968K
  class space    used 10151K, capacity 10895K, committed 12032K, reserved 253952K
}
Event: 8748.129 GC heap after
{Heap after GC invocations=151 (full 0):
 garbage-first heap   total 262144K, used 83316K [0x00000000e0000000, 0x0000000100000000)
  region size 1024K, 1 young (1024K), 1 survivors (1024K)
 Metaspace       used 86657K, capacity 88708K, committed 96340K, reserved 339968K
  class space    used 10151K, capacity 10895K, committed 12032K, reserved 253952K
}
Event: 8748.423 GC heap before
{Heap before GC invocations=151 (full 0):
 garbage-first heap   total 262144K, used 207220K [0x00000000e0000000, 0x0000000100000000)
  region size 1024K, 122 young (124928K), 1 survivors (1024K)
 Metaspace       used 86662K, capacity 88710K, committed 96340K, reserved 339968K
  class space    used 10151K, capacity 10895K, committed 12032K, reserved 253952K
}
Event: 8748.436 GC heap after
{Heap after GC invocations=152 (full 0):
 garbage-first heap   total 262144K, used 90645K [0x00000000e0000000, 0x0000000100000000)
  region size 1024K, 9 young (9216K), 9 survivors (9216K)
 Metaspace       used 86662K, capacity 88710K, committed 96340K, reserved 339968K
  class space    used 10151K, capacity 10895K, committed 12032K, reserved 253952K
}
Event: 8795.901 GC heap before
{Heap before GC invocations=153 (full 0):
 garbage-first heap   total 262144K, used 208405K [0x00000000e0000000, 0x0000000100000000)
  region size 1024K, 125 young (128000K), 9 survivors (9216K)
 Metaspace       used 86657K, capacity 88747K, committed 96340K, reserved 339968K
  class space    used 10148K, capacity 10890K, committed 12032K, reserved 253952K
}
Event: 8795.907 GC heap after
{Heap after GC invocations=154 (full 0):
 garbage-first heap   total 262144K, used 89436K [0x00000000e0000000, 0x0000000100000000)
  region size 1024K, 7 young (7168K), 7 survivors (7168K)
 Metaspace       used 86657K, capacity 88747K, committed 96340K, reserved 339968K
  class space    used 10148K, capacity 10890K, committed 12032K, reserved 253952K
}
Event: 8795.912 GC heap before
{Heap before GC invocations=154 (full 0):
 garbage-first heap   total 262144K, used 94556K [0x00000000e0000000, 0x0000000100000000)
  region size 1024K, 12 young (12288K), 7 survivors (7168K)
 Metaspace       used 86657K, capacity 88747K, committed 96340K, reserved 339968K
  class space    used 10148K, capacity 10890K, committed 12032K, reserved 253952K
}
Event: 8795.923 GC heap after
{Heap after GC invocations=155 (full 0):
 garbage-first heap   total 262144K, used 78435K [0x00000000e0000000, 0x0000000100000000)
  region size 1024K, 1 young (1024K), 1 survivors (1024K)
 Metaspace       used 86657K, capacity 88747K, committed 96340K, reserved 339968K
  class space    used 10148K, capacity 10890K, committed 12032K, reserved 253952K
}
Event: 8849.651 GC heap before
{Heap before GC invocations=155 (full 0):
 garbage-first heap   total 262144K, used 205411K [0x00000000e0000000, 0x0000000100000000)
  region size 1024K, 126 young (129024K), 1 survivors (1024K)
 Metaspace       used 86664K, capacity 88812K, committed 96340K, reserved 339968K
  class space    used 10148K, capacity 10890K, committed 12032K, reserved 253952K
}

Deoptimization events (10 events):
Event: 7998.747 Thread 0x000001fe7da7e800 Uncommon trap: reason=profile_predicate action=maybe_recompile pc=0x000001fe6bb76420 method=io.spring.gradle.dependencymanagement.org.apache.maven.model.merge.ModelMerger.mergeModelBase_Dependencies(Lio/spring/gradle/dependencymanagement/org/apache/maven/
Event: 7998.828 Thread 0x000001fe7da7e800 Uncommon trap: reason=profile_predicate action=maybe_recompile pc=0x000001fe6bb76420 method=io.spring.gradle.dependencymanagement.org.apache.maven.model.merge.ModelMerger.mergeModelBase_Dependencies(Lio/spring/gradle/dependencymanagement/org/apache/maven/
Event: 7998.881 Thread 0x000001fe7da7e800 Uncommon trap: reason=profile_predicate action=maybe_recompile pc=0x000001fe6bb76420 method=io.spring.gradle.dependencymanagement.org.apache.maven.model.merge.ModelMerger.mergeModelBase_Dependencies(Lio/spring/gradle/dependencymanagement/org/apache/maven/
Event: 7998.927 Thread 0x000001fe7da7e800 Uncommon trap: reason=profile_predicate action=maybe_recompile pc=0x000001fe6bbb0864 method=org.gradle.api.internal.artifacts.configurations.Configurations.getNames(Ljava/util/Collection;)Lcom/google/common/collect/ImmutableSet; @ 67 c2
Event: 7998.927 Thread 0x000001fe7da7e800 Uncommon trap: reason=profile_predicate action=maybe_recompile pc=0x000001fe6bbb0864 method=org.gradle.api.internal.artifacts.configurations.Configurations.getNames(Ljava/util/Collection;)Lcom/google/common/collect/ImmutableSet; @ 67 c2
Event: 7998.927 Thread 0x000001fe7da7e800 Uncommon trap: reason=profile_predicate action=maybe_recompile pc=0x000001fe6bbb0864 method=org.gradle.api.internal.artifacts.configurations.Configurations.getNames(Ljava/util/Collection;)Lcom/google/common/collect/ImmutableSet; @ 67 c2
Event: 7998.927 Thread 0x000001fe7da7e800 Uncommon trap: reason=profile_predicate action=maybe_recompile pc=0x000001fe6bbb0864 method=org.gradle.api.internal.artifacts.configurations.Configurations.getNames(Ljava/util/Collection;)Lcom/google/common/collect/ImmutableSet; @ 67 c2
Event: 8256.280 Thread 0x000001fe7da7e800 Uncommon trap: reason=class_check action=maybe_recompile pc=0x000001fe6bb5f7a0 method=jdk.internal.misc.Unsafe.allocateUninitializedArray(Ljava/lang/Class;I)Ljava/lang/Object; @ 48 c2
Event: 8256.280 Thread 0x000001fe7da7e800 Uncommon trap: reason=class_check action=maybe_recompile pc=0x000001fe6bb5f7a0 method=jdk.internal.misc.Unsafe.allocateUninitializedArray(Ljava/lang/Class;I)Ljava/lang/Object; @ 48 c2
Event: 8256.505 Thread 0x000001fe7da7f800 Uncommon trap: reason=profile_predicate action=maybe_recompile pc=0x000001fe6bb76420 method=io.spring.gradle.dependencymanagement.org.apache.maven.model.merge.ModelMerger.mergeModelBase_Dependencies(Lio/spring/gradle/dependencymanagement/org/apache/maven/

Classes redefined (0 events):
No events

Internal exceptions (10 events):
Event: 7913.649 Thread 0x000001fe7da7e800 Exception <a 'sun/nio/fs/WindowsException'{0x00000000eb2aa7d0}> (0x00000000eb2aa7d0) thrown at [t:/workspace/open/src/hotspot/share/prims/jni.cpp, line 615]
Event: 7913.650 Thread 0x000001fe7da7e800 Exception <a 'sun/nio/fs/WindowsException'{0x00000000eb2c7b88}> (0x00000000eb2c7b88) thrown at [t:/workspace/open/src/hotspot/share/prims/jni.cpp, line 615]
Event: 7913.650 Thread 0x000001fe7da7e800 Exception <a 'sun/nio/fs/WindowsException'{0x00000000eb2c7e98}> (0x00000000eb2c7e98) thrown at [t:/workspace/open/src/hotspot/share/prims/jni.cpp, line 615]
Event: 7913.663 Thread 0x000001fe7da7e800 Exception <a 'sun/nio/fs/WindowsException'{0x00000000eb15a160}> (0x00000000eb15a160) thrown at [t:/workspace/open/src/hotspot/share/prims/jni.cpp, line 615]
Event: 7913.664 Thread 0x000001fe7da7e800 Exception <a 'sun/nio/fs/WindowsException'{0x00000000eb15b808}> (0x00000000eb15b808) thrown at [t:/workspace/open/src/hotspot/share/prims/jni.cpp, line 615]
Event: 7913.664 Thread 0x000001fe7da7e800 Exception <a 'sun/nio/fs/WindowsException'{0x00000000eb15c098}> (0x00000000eb15c098) thrown at [t:/workspace/open/src/hotspot/share/prims/jni.cpp, line 615]
Event: 7913.664 Thread 0x000001fe7da7e800 Exception <a 'sun/nio/fs/WindowsException'{0x00000000eb15d7d8}> (0x00000000eb15d7d8) thrown at [t:/workspace/open/src/hotspot/share/prims/jni.cpp, line 615]
Event: 7913.701 Thread 0x000001fe7bba0800 Exception <a 'java/lang/NoSuchMethodError'{0x00000000eb08d198}: <clinit>> (0x00000000eb08d198) thrown at [t:/workspace/open/src/hotspot/share/prims/jni.cpp, line 1364]
Event: 7913.702 Thread 0x000001fe7bba0800 Exception <a 'java/lang/NoSuchMethodError'{0x00000000eb0971d0}: <clinit>> (0x00000000eb0971d0) thrown at [t:/workspace/open/src/hotspot/share/prims/jni.cpp, line 1364]
Event: 8795.516 Thread 0x000001fe7da7e800 Exception <a 'java/lang/reflect/InvocationTargetException'{0x00000000ec5dde58}> (0x00000000ec5dde58) thrown at [t:/workspace/open/src/hotspot/share/runtime/reflection.cpp, line 1242]

Events (10 events):
Event: 8796.189 Executing VM operation: BulkRevokeBias done
Event: 8796.195 Executing VM operation: RevokeBias
Event: 8796.195 Executing VM operation: RevokeBias done
Event: 8796.195 Executing VM operation: RevokeBias
Event: 8796.195 Executing VM operation: RevokeBias done
Event: 8796.195 Executing VM operation: RevokeBias
Event: 8796.195 Executing VM operation: RevokeBias done
Event: 8796.195 Executing VM operation: RevokeBias
Event: 8796.195 Executing VM operation: RevokeBias done
Event: 8849.651 Executing VM operation: G1CollectForAllocation


Dynamic libraries:
0x00007ff6ede70000 - 0x00007ff6edeb7000 	C:\Program Files\Java\jdk-11.0.5\bin\java.exe
0x00007ff96d960000 - 0x00007ff96db50000 	C:\WINDOWS\SYSTEM32\ntdll.dll
0x00007ff96c240000 - 0x00007ff96c2f2000 	C:\WINDOWS\System32\KERNEL32.DLL
0x00007ff96a9c0000 - 0x00007ff96ac63000 	C:\WINDOWS\System32\KERNELBASE.dll
0x00007ff96c4e0000 - 0x00007ff96c583000 	C:\WINDOWS\System32\ADVAPI32.dll
0x00007ff96d270000 - 0x00007ff96d30e000 	C:\WINDOWS\System32\msvcrt.dll
0x00007ff96d1d0000 - 0x00007ff96d267000 	C:\WINDOWS\System32\sechost.dll
0x00007ff96c3c0000 - 0x00007ff96c4e0000 	C:\WINDOWS\System32\RPCRT4.dll
0x00007ff96c590000 - 0x00007ff96c724000 	C:\WINDOWS\System32\USER32.dll
0x00007ff96a8f0000 - 0x00007ff96a911000 	C:\WINDOWS\System32\win32u.dll
0x00007ff96c390000 - 0x00007ff96c3b6000 	C:\WINDOWS\System32\GDI32.dll
0x00007ff96aec0000 - 0x00007ff96b054000 	C:\WINDOWS\System32\gdi32full.dll
0x00007ff96a920000 - 0x00007ff96a9be000 	C:\WINDOWS\System32\msvcp_win.dll
0x00007ff96b880000 - 0x00007ff96b97a000 	C:\WINDOWS\System32\ucrtbase.dll
0x00007ff963620000 - 0x00007ff96362a000 	C:\WINDOWS\SYSTEM32\VERSION.dll
0x00007ff969cd0000 - 0x00007ff969f55000 	C:\WINDOWS\WinSxS\amd64_microsoft.windows.common-controls_6595b64144ccf1df_6.0.18362.476_none_e6c4b11b130f2595\COMCTL32.dll
0x00007ff96c900000 - 0x00007ff96cc36000 	C:\WINDOWS\System32\combase.dll
0x00007ff96b060000 - 0x00007ff96b0e0000 	C:\WINDOWS\System32\bcryptPrimitives.dll
0x00007ff96c360000 - 0x00007ff96c38e000 	C:\WINDOWS\System32\IMM32.DLL
0x00007ff95d4a0000 - 0x00007ff95d4b6000 	C:\Program Files\Java\jdk-11.0.5\bin\vcruntime140.dll
0x00007ff94f1e0000 - 0x00007ff94f28a000 	C:\Program Files\Java\jdk-11.0.5\bin\msvcp140.dll
0x00007ff8f7a00000 - 0x00007ff8f8528000 	C:\Program Files\Java\jdk-11.0.5\bin\server\jvm.dll
0x00007ff96ce60000 - 0x00007ff96ce68000 	C:\WINDOWS\System32\PSAPI.DLL
0x00007ff951a10000 - 0x00007ff951a19000 	C:\WINDOWS\SYSTEM32\WSOCK32.dll
0x00007ff9676a0000 - 0x00007ff9676c4000 	C:\WINDOWS\SYSTEM32\WINMM.dll
0x00007ff96c890000 - 0x00007ff96c8ff000 	C:\WINDOWS\System32\WS2_32.dll
0x00007ff967300000 - 0x00007ff96732d000 	C:\WINDOWS\SYSTEM32\WINMMBASE.dll
0x00007ff96ae70000 - 0x00007ff96aeba000 	C:\WINDOWS\System32\cfgmgr32.dll
0x00007ff96a840000 - 0x00007ff96a851000 	C:\WINDOWS\System32\kernel.appcore.dll
0x00007ff959d40000 - 0x00007ff959d51000 	C:\Program Files\Java\jdk-11.0.5\bin\verify.dll
0x00007ff96a350000 - 0x00007ff96a544000 	C:\WINDOWS\SYSTEM32\DBGHELP.DLL
0x00007ff96a0c0000 - 0x00007ff96a0ea000 	C:\WINDOWS\SYSTEM32\dbgcore.DLL
0x00007ff9529a0000 - 0x00007ff9529c9000 	C:\Program Files\Java\jdk-11.0.5\bin\java.dll
0x00007ff959500000 - 0x00007ff959516000 	C:\Program Files\Java\jdk-11.0.5\bin\zip.dll
0x00007ff96a290000 - 0x00007ff96a29a000 	C:\Program Files\Java\jdk-11.0.5\bin\jimage.dll
0x00007ff96ba10000 - 0x00007ff96c0f5000 	C:\WINDOWS\System32\SHELL32.dll
0x00007ff96d120000 - 0x00007ff96d1c9000 	C:\WINDOWS\System32\shcore.dll
0x00007ff96b100000 - 0x00007ff96b87e000 	C:\WINDOWS\System32\windows.storage.dll
0x00007ff96a8b0000 - 0x00007ff96a8cf000 	C:\WINDOWS\System32\profapi.dll
0x00007ff96a860000 - 0x00007ff96a8aa000 	C:\WINDOWS\System32\powrprof.dll
0x00007ff96a830000 - 0x00007ff96a840000 	C:\WINDOWS\System32\UMPDC.dll
0x00007ff96ce00000 - 0x00007ff96ce52000 	C:\WINDOWS\System32\shlwapi.dll
0x00007ff96b0e0000 - 0x00007ff96b0f7000 	C:\WINDOWS\System32\cryptsp.dll
0x00007ff959310000 - 0x00007ff959329000 	C:\Program Files\Java\jdk-11.0.5\bin\net.dll
0x00007ff95d660000 - 0x00007ff95d750000 	C:\WINDOWS\SYSTEM32\WINHTTP.dll
0x00007ff9699d0000 - 0x00007ff969a37000 	C:\WINDOWS\system32\mswsock.dll
0x00007ff9522b0000 - 0x00007ff9522c3000 	C:\Program Files\Java\jdk-11.0.5\bin\nio.dll
0x00007ff959690000 - 0x00007ff9596b6000 	C:\Users\irezek\.gradle\native\30\windows-amd64\native-platform.dll
0x00007ff952380000 - 0x00007ff952389000 	C:\Program Files\Java\jdk-11.0.5\bin\management.dll
0x00007ff950e80000 - 0x00007ff950e8c000 	C:\Program Files\Java\jdk-11.0.5\bin\management_ext.dll
0x00007ff969550000 - 0x00007ff969583000 	C:\WINDOWS\system32\rsaenh.dll
0x00007ff96b9e0000 - 0x00007ff96ba06000 	C:\WINDOWS\System32\bcrypt.dll
0x00007ff96a720000 - 0x00007ff96a745000 	C:\WINDOWS\SYSTEM32\USERENV.dll
0x00007ff969b50000 - 0x00007ff969b5c000 	C:\WINDOWS\SYSTEM32\CRYPTBASE.dll
0x00007ff9696f0000 - 0x00007ff96972a000 	C:\WINDOWS\SYSTEM32\IPHLPAPI.DLL
0x00007ff96cdf0000 - 0x00007ff96cdf8000 	C:\WINDOWS\System32\NSI.dll
0x00007ff9635b0000 - 0x00007ff9635c6000 	C:\WINDOWS\SYSTEM32\dhcpcsvc6.DLL
0x00007ff963590000 - 0x00007ff9635ac000 	C:\WINDOWS\SYSTEM32\dhcpcsvc.DLL
0x00007ff969730000 - 0x00007ff9697fa000 	C:\WINDOWS\SYSTEM32\DNSAPI.dll
0x00007ff950f30000 - 0x00007ff950f57000 	C:\Program Files\Java\jdk-11.0.5\bin\sunec.dll
0x00007ff95d480000 - 0x00007ff95d48a000 	C:\Windows\System32\rasadhlp.dll
0x00007ff960810000 - 0x00007ff960887000 	C:\WINDOWS\System32\fwpuclnt.dll
0x00007ff956900000 - 0x00007ff95690d000 	C:\Program Files\Java\jdk-11.0.5\bin\sunmscapi.dll
0x00007ff96ac70000 - 0x00007ff96adb9000 	C:\WINDOWS\System32\CRYPT32.dll
0x00007ff96a8d0000 - 0x00007ff96a8e2000 	C:\WINDOWS\System32\MSASN1.dll
0x00007ff969fa0000 - 0x00007ff969fc6000 	C:\WINDOWS\SYSTEM32\ncrypt.dll
0x00007ff969f60000 - 0x00007ff969f9b000 	C:\WINDOWS\SYSTEM32\NTASN1.dll
0x00007ff94bfe0000 - 0x00007ff94bff6000 	C:\WINDOWS\system32\napinsp.dll
0x00007ff949360000 - 0x00007ff94937a000 	C:\WINDOWS\system32\pnrpnsp.dll
0x00007ff950350000 - 0x00007ff95035e000 	C:\WINDOWS\System32\winrnr.dll
0x00007ff965ed0000 - 0x00007ff965eec000 	C:\WINDOWS\system32\NLAapi.dll
0x00007ff949340000 - 0x00007ff949355000 	C:\WINDOWS\system32\wshbth.dll

dbghelp: loaded successfully - version: 4.0.5 - missing functions: none
symbol engine: initialized successfully - sym options: 0x614 - pdb path: .;C:\Program Files\Java\jdk-11.0.5\bin;C:\WINDOWS\SYSTEM32;C:\WINDOWS\WinSxS\amd64_microsoft.windows.common-controls_6595b64144ccf1df_6.0.18362.476_none_e6c4b11b130f2595;C:\Program Files\Java\jdk-11.0.5\bin\server;C:\Users\irezek\.gradle\native\30\windows-amd64

VM Arguments:
jvm_args: --add-opens=java.base/java.util=ALL-UNNAMED --add-opens=java.base/java.lang=ALL-UNNAMED --add-opens=java.base/java.lang.invoke=ALL-UNNAMED --add-opens=java.prefs/java.util.prefs=ALL-UNNAMED -XX:MaxMetaspaceSize=256m -XX:+HeapDumpOnOutOfMemoryError -Xms256m -Xmx512m -Dfile.encoding=windows-1252 -Duser.country=US -Duser.language=en -Duser.variant 
java_command: org.gradle.launcher.daemon.bootstrap.GradleDaemon 6.0.1
java_class_path (initial): C:\Users\irezek\.gradle\wrapper\dists\gradle-6.0.1-bin\1lxlpkiy24sb18odw96cp4ojv\gradle-6.0.1\lib\gradle-launcher-6.0.1.jar
Launcher Type: SUN_STANDARD

[Global flags]
     intx CICompilerCount                          = 3                                         {product} {ergonomic}
   size_t CompressedClassSpaceSize                 = 260046848                                 {product} {ergonomic}
     uint ConcGCThreads                            = 1                                         {product} {ergonomic}
     uint G1ConcRefinementThreads                  = 4                                         {product} {ergonomic}
   size_t G1HeapRegionSize                         = 1048576                                   {product} {ergonomic}
    uintx GCDrainStackTargetSize                   = 64                                        {product} {ergonomic}
     bool HeapDumpOnOutOfMemoryError               = true                                   {manageable} {command line}
   size_t InitialHeapSize                          = 268435456                                 {product} {command line}
   size_t MarkStackSize                            = 4194304                                   {product} {ergonomic}
   size_t MaxHeapSize                              = 536870912                                 {product} {command line}
   size_t MaxMetaspaceSize                         = 268435456                                 {product} {command line}
   size_t MaxNewSize                               = 321912832                                 {product} {ergonomic}
   size_t MinHeapDeltaBytes                        = 1048576                                   {product} {ergonomic}
    uintx NonNMethodCodeHeapSize                   = 5830732                                {pd product} {ergonomic}
    uintx NonProfiledCodeHeapSize                  = 122913754                              {pd product} {ergonomic}
    uintx ProfiledCodeHeapSize                     = 122913754                              {pd product} {ergonomic}
    uintx ReservedCodeCacheSize                    = 251658240                              {pd product} {ergonomic}
     bool SegmentedCodeCache                       = true                                      {product} {ergonomic}
     bool UseCompressedClassPointers               = true                                 {lp64_product} {ergonomic}
     bool UseCompressedOops                        = true                                 {lp64_product} {ergonomic}
     bool UseG1GC                                  = true                                      {product} {ergonomic}
     bool UseLargePagesIndividualAllocation        = false                                  {pd product} {ergonomic}

Logging:
Log output configuration:
 #0: stdout all=warning uptime,level,tags
 #1: stderr all=off uptime,level,tags

Environment Variables:
PATH=C:\Users\irezek\Documents\Nuget\;C:\Program Files\dotnet\;C:\Program Files\NVIDIA Corporation\NVIDIA NvDLISR;C:\Program Files (x86)\NVIDIA Corporation\PhysX\Common;C:\Program Files\Microsoft SQL Server\Client SDK\ODBC\170\Tools\Binn\;C:\Program Files\Microsoft VS Code\bin;C:\Program Files\PuTTY\;C:\WINDOWS\system32;C:\WINDOWS;C:\WINDOWS\System32\Wbem;C:\WINDOWS\System32\WindowsPowerShell\v1.0\;C:\WINDOWS\System32\OpenSSH\;C:\Program Files\nodejs\;C:\Program Files\Java\jdk-11.0.5\bin;C:\Users\irezek\AppData\Local\Programs\Python\Python37-32\Scripts\;C:\Users\irezek\AppData\Local\Programs\Python\Python37-32\;C:\Users\irezek\AppData\Local\Microsoft\WindowsApps;C:\Users\irezek\.dotnet\tools;C:\Users\irezek\AppData\Local\Programs\Git\cmd;C:\Users\irezek\AppData\Local\Microsoft\WindowsApps;C:\Users\irezek\AppData\Roaming\npm
USERNAME=irezek
OS=Windows_NT
PROCESSOR_IDENTIFIER=Intel64 Family 6 Model 60 Stepping 3, GenuineIntel



---------------  S Y S T E M  ---------------

OS: Windows 10 , 64 bit Build 18362 (10.0.18362.329)

CPU:total 4 (initial active 4) (4 cores per cpu, 1 threads per core) family 6 model 60 stepping 3, cmov, cx8, fxsr, mmx, sse, sse2, sse3, ssse3, sse4.1, sse4.2, popcnt, avx, avx2, aes, clmul, erms, lzcnt, tsc, tscinvbit, bmi1, bmi2, fma

Memory: 4k page, system-wide physical 16325M (7342M free)
TotalPageFile size 18757M (AvailPageFile size 4105M)
current process WorkingSet (physical memory assigned to process): 520M, peak: 571M
current process commit charge ("private bytes"): 600M, peak: 641M

vm_info: Java HotSpot(TM) 64-Bit Server VM (11.0.5+10-LTS) for windows-amd64 JRE (11.0.5+10-LTS), built on Oct  6 2019 12:37:14 by "mach5one" with MS VC++ 15.5 (VS2017)

END.
